<?xml version="1.0" encoding="UTF-8"?>
<!-- Generated by org.testng.reporters.JUnitXMLReporter -->
<testsuite ignored="0" hostname="Amals_HP_Envy" failures="0" tests="7" name="Default test" time="26.159" errors="0" timestamp="2025-04-10T20:55:28 EDT">
  <testcase classname="opencart.testcases.ApplicationTest" name="launchBrowserTest" time="0.269"/>
  <testcase classname="opencart.testcases.ApplicationTest" name="login" time="1.814"/>
  <testcase classname="opencart.testcases.ApplicationTest" name="browseProduct" time="2.042"/>
  <testcase classname="opencart.testcases.ApplicationTest" name="addProductToCart" time="3.31"/>
  <testcase classname="opencart.testcases.ApplicationTest" name="addProductToCart" time="3.308"/>
  <testcase classname="opencart.testcases.ApplicationTest" name="addProductToCart" time="3.322"/>
  <testcase classname="opencart.testcases.ApplicationTest" name="addProductToCart" time="3.327"/>
</testsuite> <!-- Default test -->
