<?xml version="1.0" encoding="UTF-8"?>
<testng-results ignored="0" total="7" passed="7" failed="0" skipped="0">
  <reporter-output>
  </reporter-output>
  <suite started-at="2025-04-10T20:55:02 EDT" name="Default suite" finished-at="2025-04-10T20:55:28 EDT" duration-ms="26159">
    <groups>
    </groups>
    <test started-at="2025-04-10T20:55:02 EDT" name="Default test" finished-at="2025-04-10T20:55:28 EDT" duration-ms="26159">
      <class name="opencart.testcases.ApplicationTest">
        <test-method is-config="true" signature="launchBrowser()[pri:0, instance:opencart.testcases.ApplicationTest@31190526]" started-at="2025-04-10T20:55:02 EDT" name="launchBrowser" finished-at="2025-04-10T20:55:09 EDT" duration-ms="7286" status="PASS">
          <reporter-output>
          </reporter-output>
        </test-method> <!-- launchBrowser -->
        <test-method is-config="true" signature="setUp(java.lang.reflect.Method)[pri:0, instance:opencart.testcases.ApplicationTest@31190526]" started-at="2025-04-10T20:55:09 EDT" name="setUp" finished-at="2025-04-10T20:55:09 EDT" duration-ms="3" status="PASS">
          <params>
            <param index="0">
              <value>
                <![CDATA[public void opencart.testcases.ApplicationTest.launchBrowserTest()]]>
              </value>
            </param>
          </params>
          <reporter-output>
          </reporter-output>
        </test-method> <!-- setUp -->
        <test-method signature="launchBrowserTest()[pri:0, instance:opencart.testcases.ApplicationTest@31190526]" started-at="2025-04-10T20:55:09 EDT" name="launchBrowserTest" finished-at="2025-04-10T20:55:09 EDT" duration-ms="269" status="PASS">
          <reporter-output>
          </reporter-output>
        </test-method> <!-- launchBrowserTest -->
        <test-method is-config="true" signature="setUp(java.lang.reflect.Method)[pri:0, instance:opencart.testcases.ApplicationTest@31190526]" started-at="2025-04-10T20:55:09 EDT" name="setUp" finished-at="2025-04-10T20:55:09 EDT" duration-ms="1" status="PASS">
          <params>
            <param index="0">
              <value>
                <![CDATA[public void opencart.testcases.ApplicationTest.login()]]>
              </value>
            </param>
          </params>
          <reporter-output>
          </reporter-output>
        </test-method> <!-- setUp -->
        <test-method signature="login()[pri:1, instance:opencart.testcases.ApplicationTest@31190526]" started-at="2025-04-10T20:55:09 EDT" name="login" finished-at="2025-04-10T20:55:11 EDT" duration-ms="1814" status="PASS">
          <reporter-output>
          </reporter-output>
        </test-method> <!-- login -->
        <test-method signature="browseProduct()[pri:2, instance:opencart.testcases.ApplicationTest@31190526]" started-at="2025-04-10T20:55:11 EDT" name="browseProduct" finished-at="2025-04-10T20:55:13 EDT" duration-ms="2042" status="PASS">
          <reporter-output>
          </reporter-output>
        </test-method> <!-- browseProduct -->
        <test-method is-config="true" signature="setUp(java.lang.reflect.Method)[pri:0, instance:opencart.testcases.ApplicationTest@31190526]" started-at="2025-04-10T20:55:11 EDT" name="setUp" finished-at="2025-04-10T20:55:11 EDT" duration-ms="0" status="PASS">
          <params>
            <param index="0">
              <value>
                <![CDATA[public void opencart.testcases.ApplicationTest.browseProduct() throws java.lang.InterruptedException]]>
              </value>
            </param>
          </params>
          <reporter-output>
          </reporter-output>
        </test-method> <!-- setUp -->
        <test-method is-config="true" signature="setUp(java.lang.reflect.Method)[pri:0, instance:opencart.testcases.ApplicationTest@31190526]" started-at="2025-04-10T20:55:14 EDT" name="setUp" finished-at="2025-04-10T20:55:14 EDT" duration-ms="1" status="PASS">
          <params>
            <param index="0">
              <value>
                <![CDATA[public void opencart.testcases.ApplicationTest.addProductToCart(java.lang.String) throws java.lang.InterruptedException,java.io.IOException]]>
              </value>
            </param>
          </params>
          <reporter-output>
          </reporter-output>
        </test-method> <!-- setUp -->
        <test-method signature="addProductToCart(java.lang.String)[pri:3, instance:opencart.testcases.ApplicationTest@31190526]" started-at="2025-04-10T20:55:14 EDT" name="addProductToCart" data-provider="getQty" finished-at="2025-04-10T20:55:18 EDT" duration-ms="3310" status="PASS">
          <params>
            <param index="0">
              <value>
                <![CDATA[1]]>
              </value>
            </param>
          </params>
          <reporter-output>
          </reporter-output>
        </test-method> <!-- addProductToCart -->
        <test-method signature="addProductToCart(java.lang.String)[pri:3, instance:opencart.testcases.ApplicationTest@31190526]" started-at="2025-04-10T20:55:18 EDT" name="addProductToCart" data-provider="getQty" finished-at="2025-04-10T20:55:21 EDT" duration-ms="3308" status="PASS">
          <params>
            <param index="0">
              <value>
                <![CDATA[10]]>
              </value>
            </param>
          </params>
          <reporter-output>
          </reporter-output>
        </test-method> <!-- addProductToCart -->
        <test-method is-config="true" signature="setUp(java.lang.reflect.Method)[pri:0, instance:opencart.testcases.ApplicationTest@31190526]" started-at="2025-04-10T20:55:18 EDT" name="setUp" finished-at="2025-04-10T20:55:18 EDT" duration-ms="0" status="PASS">
          <params>
            <param index="0">
              <value>
                <![CDATA[public void opencart.testcases.ApplicationTest.addProductToCart(java.lang.String) throws java.lang.InterruptedException,java.io.IOException]]>
              </value>
            </param>
          </params>
          <reporter-output>
          </reporter-output>
        </test-method> <!-- setUp -->
        <test-method signature="addProductToCart(java.lang.String)[pri:3, instance:opencart.testcases.ApplicationTest@31190526]" started-at="2025-04-10T20:55:21 EDT" name="addProductToCart" data-provider="getQty" finished-at="2025-04-10T20:55:24 EDT" duration-ms="3322" status="PASS">
          <params>
            <param index="0">
              <value>
                <![CDATA[3]]>
              </value>
            </param>
          </params>
          <reporter-output>
          </reporter-output>
        </test-method> <!-- addProductToCart -->
        <test-method is-config="true" signature="setUp(java.lang.reflect.Method)[pri:0, instance:opencart.testcases.ApplicationTest@31190526]" started-at="2025-04-10T20:55:21 EDT" name="setUp" finished-at="2025-04-10T20:55:21 EDT" duration-ms="0" status="PASS">
          <params>
            <param index="0">
              <value>
                <![CDATA[public void opencart.testcases.ApplicationTest.addProductToCart(java.lang.String) throws java.lang.InterruptedException,java.io.IOException]]>
              </value>
            </param>
          </params>
          <reporter-output>
          </reporter-output>
        </test-method> <!-- setUp -->
        <test-method is-config="true" signature="setUp(java.lang.reflect.Method)[pri:0, instance:opencart.testcases.ApplicationTest@31190526]" started-at="2025-04-10T20:55:24 EDT" name="setUp" finished-at="2025-04-10T20:55:24 EDT" duration-ms="1" status="PASS">
          <params>
            <param index="0">
              <value>
                <![CDATA[public void opencart.testcases.ApplicationTest.addProductToCart(java.lang.String) throws java.lang.InterruptedException,java.io.IOException]]>
              </value>
            </param>
          </params>
          <reporter-output>
          </reporter-output>
        </test-method> <!-- setUp -->
        <test-method signature="addProductToCart(java.lang.String)[pri:3, instance:opencart.testcases.ApplicationTest@31190526]" started-at="2025-04-10T20:55:24 EDT" name="addProductToCart" data-provider="getQty" finished-at="2025-04-10T20:55:28 EDT" duration-ms="3327" status="PASS">
          <params>
            <param index="0">
              <value>
                <![CDATA[14]]>
              </value>
            </param>
          </params>
          <reporter-output>
          </reporter-output>
        </test-method> <!-- addProductToCart -->
        <test-method is-config="true" signature="closerBrowser()[pri:0, instance:opencart.testcases.ApplicationTest@31190526]" started-at="2025-04-10T20:55:28 EDT" name="closerBrowser" finished-at="2025-04-10T20:55:28 EDT" duration-ms="244" status="PASS">
          <reporter-output>
          </reporter-output>
        </test-method> <!-- closerBrowser -->
      </class> <!-- opencart.testcases.ApplicationTest -->
    </test> <!-- Default test -->
  </suite> <!-- Default suite -->
</testng-results>
